<?xml version="1.0" encoding="UTF-8"?>
<coverage generated="1552916376915" clover="3.2.0">
  <project timestamp="1552916376916" name="All files">
    <metrics statements="99" coveredstatements="97" conditionals="28" coveredconditionals="25" methods="40" coveredmethods="38" elements="167" coveredelements="160" complexity="0" loc="99" ncloc="99" packages="10" files="13" classes="13">
      <package name="reusable_HOC_app">
        <metrics statements="1" coveredstatements="1" conditionals="0" coveredconditionals="0" methods="0" coveredmethods="0"/>
        <file name="enzyme.configuration.js" path="/Users/gilgrz/tutorialSet/views/javascript_tuts/react_tuts/react_examples/HOC-try-out/reusable_HOC_app/enzyme.configuration.js">
          <metrics statements="1" coveredstatements="1" conditionals="0" coveredconditionals="0" methods="0" coveredmethods="0"/>
          <line num="4" count="12" type="stmt"/>
        </file>
      </package>
      <package name="reusable_HOC_app.src.functional.ClickAwayListener">
        <metrics statements="9" coveredstatements="9" conditionals="0" coveredconditionals="0" methods="4" coveredmethods="3"/>
        <file name="index.js" path="/Users/gilgrz/tutorialSet/views/javascript_tuts/react_tuts/react_examples/HOC-try-out/reusable_HOC_app/src/functional/ClickAwayListener/index.js">
          <metrics statements="9" coveredstatements="9" conditionals="0" coveredconditionals="0" methods="4" coveredmethods="3"/>
          <line num="4" count="3" type="stmt"/>
          <line num="13" count="3" type="stmt"/>
          <line num="15" count="3" type="stmt"/>
          <line num="16" count="3" type="stmt"/>
          <line num="17" count="3" type="stmt"/>
          <line num="18" count="3" type="stmt"/>
          <line num="23" count="1" type="stmt"/>
          <line num="29" count="3" type="stmt"/>
          <line num="33" count="3" type="stmt"/>
        </file>
      </package>
      <package name="reusable_HOC_app.src.functional.DropDown">
        <metrics statements="6" coveredstatements="6" conditionals="4" coveredconditionals="4" methods="5" coveredmethods="4"/>
        <file name="index.js" path="/Users/gilgrz/tutorialSet/views/javascript_tuts/react_tuts/react_examples/HOC-try-out/reusable_HOC_app/src/functional/DropDown/index.js">
          <metrics statements="6" coveredstatements="6" conditionals="4" coveredconditionals="4" methods="5" coveredmethods="4"/>
          <line num="13" count="2" type="stmt"/>
          <line num="18" count="1" type="stmt"/>
          <line num="21" count="3" type="stmt"/>
          <line num="30" count="1" type="stmt"/>
          <line num="37" count="1" type="stmt"/>
          <line num="57" count="2" type="stmt"/>
        </file>
      </package>
      <package name="reusable_HOC_app.src.functional.ListComponents">
        <metrics statements="23" coveredstatements="23" conditionals="6" coveredconditionals="5" methods="7" coveredmethods="7"/>
        <file name="DisplayList.js" path="/Users/gilgrz/tutorialSet/views/javascript_tuts/react_tuts/react_examples/HOC-try-out/reusable_HOC_app/src/functional/ListComponents/DisplayList.js">
          <metrics statements="4" coveredstatements="4" conditionals="0" coveredconditionals="0" methods="2" coveredmethods="2"/>
          <line num="9" count="3" type="stmt"/>
          <line num="10" count="1" type="stmt"/>
          <line num="12" count="2" type="stmt"/>
          <line num="19" count="3" type="stmt"/>
        </file>
        <file name="EnhancedList.js" path="/Users/gilgrz/tutorialSet/views/javascript_tuts/react_tuts/react_examples/HOC-try-out/reusable_HOC_app/src/functional/ListComponents/EnhancedList.js">
          <metrics statements="7" coveredstatements="7" conditionals="0" coveredconditionals="0" methods="2" coveredmethods="2"/>
          <line num="19" count="2" type="stmt"/>
          <line num="20" count="2" type="stmt"/>
          <line num="21" count="1" type="stmt"/>
          <line num="22" count="1" type="stmt"/>
          <line num="24" count="2" type="stmt"/>
          <line num="28" count="2" type="stmt"/>
          <line num="31" count="2" type="stmt"/>
        </file>
        <file name="manipulateListData.js" path="/Users/gilgrz/tutorialSet/views/javascript_tuts/react_tuts/react_examples/HOC-try-out/reusable_HOC_app/src/functional/ListComponents/manipulateListData.js">
          <metrics statements="12" coveredstatements="12" conditionals="6" coveredconditionals="5" methods="3" coveredmethods="3"/>
          <line num="11" count="3" type="stmt"/>
          <line num="22" count="10" type="cond" truecount="4" falsecount="0"/>
          <line num="24" count="3" type="cond" truecount="1" falsecount="1"/>
          <line num="27" count="3" type="stmt"/>
          <line num="29" count="3" type="stmt"/>
          <line num="30" count="3" type="stmt"/>
          <line num="34" count="18" type="stmt"/>
          <line num="35" count="4" type="stmt"/>
          <line num="39" count="1" type="stmt"/>
          <line num="40" count="3" type="stmt"/>
          <line num="44" count="1" type="stmt"/>
          <line num="48" count="2" type="stmt"/>
        </file>
      </package>
      <package name="reusable_HOC_app.src.functional.SearchBox">
        <metrics statements="5" coveredstatements="5" conditionals="0" coveredconditionals="0" methods="2" coveredmethods="2"/>
        <file name="index.js" path="/Users/gilgrz/tutorialSet/views/javascript_tuts/react_tuts/react_examples/HOC-try-out/reusable_HOC_app/src/functional/SearchBox/index.js">
          <metrics statements="5" coveredstatements="5" conditionals="0" coveredconditionals="0" methods="2" coveredmethods="2"/>
          <line num="4" count="2" type="stmt"/>
          <line num="5" count="2" type="stmt"/>
          <line num="9" count="1" type="stmt"/>
          <line num="12" count="2" type="stmt"/>
          <line num="16" count="2" type="stmt"/>
        </file>
      </package>
      <package name="reusable_HOC_app.src.functional.Simplebutton">
        <metrics statements="6" coveredstatements="6" conditionals="0" coveredconditionals="0" methods="2" coveredmethods="2"/>
        <file name="index.js" path="/Users/gilgrz/tutorialSet/views/javascript_tuts/react_tuts/react_examples/HOC-try-out/reusable_HOC_app/src/functional/Simplebutton/index.js">
          <metrics statements="6" coveredstatements="6" conditionals="0" coveredconditionals="0" methods="2" coveredmethods="2"/>
          <line num="4" count="4" type="stmt"/>
          <line num="8" count="4" type="stmt"/>
          <line num="9" count="8" type="stmt"/>
          <line num="11" count="4" type="stmt"/>
          <line num="19" count="4" type="stmt"/>
          <line num="24" count="4" type="stmt"/>
        </file>
      </package>
      <package name="reusable_HOC_app.src.functional.Togglebutton">
        <metrics statements="6" coveredstatements="6" conditionals="4" coveredconditionals="4" methods="3" coveredmethods="3"/>
        <file name="index.js" path="/Users/gilgrz/tutorialSet/views/javascript_tuts/react_tuts/react_examples/HOC-try-out/reusable_HOC_app/src/functional/Togglebutton/index.js">
          <metrics statements="6" coveredstatements="6" conditionals="4" coveredconditionals="4" methods="3" coveredmethods="3"/>
          <line num="11" count="2" type="stmt"/>
          <line num="16" count="1" type="stmt"/>
          <line num="19" count="3" type="stmt"/>
          <line num="24" count="2" type="stmt"/>
          <line num="25" count="2" type="cond" truecount="2" falsecount="0"/>
          <line num="33" count="2" type="stmt"/>
        </file>
      </package>
      <package name="reusable_HOC_app.src.logic">
        <metrics statements="18" coveredstatements="18" conditionals="2" coveredconditionals="2" methods="12" coveredmethods="12"/>
        <file name="ToggleState.js" path="/Users/gilgrz/tutorialSet/views/javascript_tuts/react_tuts/react_examples/HOC-try-out/reusable_HOC_app/src/logic/ToggleState.js">
          <metrics statements="4" coveredstatements="4" conditionals="0" coveredconditionals="0" methods="2" coveredmethods="2"/>
          <line num="14" count="6" type="stmt"/>
          <line num="18" count="10" type="stmt"/>
          <line num="19" count="10" type="stmt"/>
          <line num="25" count="4" type="stmt"/>
        </file>
        <file name="TopManagementListContainer.js" path="/Users/gilgrz/tutorialSet/views/javascript_tuts/react_tuts/react_examples/HOC-try-out/reusable_HOC_app/src/logic/TopManagementListContainer.js">
          <metrics statements="14" coveredstatements="14" conditionals="2" coveredconditionals="2" methods="10" coveredmethods="10"/>
          <line num="17" count="1" type="stmt"/>
          <line num="25" count="1" type="stmt"/>
          <line num="31" count="1" type="stmt"/>
          <line num="32" count="1" type="stmt"/>
          <line num="38" count="1" type="stmt"/>
          <line num="39" count="1" type="stmt"/>
          <line num="40" count="1" type="stmt"/>
          <line num="43" count="1" type="stmt"/>
          <line num="50" count="2" type="stmt"/>
          <line num="57" count="2" type="stmt"/>
          <line num="64" count="6" type="stmt"/>
          <line num="130" count="1" type="stmt"/>
          <line num="133" count="1" type="stmt"/>
          <line num="136" count="1" type="stmt"/>
        </file>
      </package>
      <package name="reusable_HOC_app.src.test_helpers">
        <metrics statements="1" coveredstatements="1" conditionals="0" coveredconditionals="0" methods="1" coveredmethods="1"/>
        <file name="index.js" path="/Users/gilgrz/tutorialSet/views/javascript_tuts/react_tuts/react_examples/HOC-try-out/reusable_HOC_app/src/test_helpers/index.js">
          <metrics statements="1" coveredstatements="1" conditionals="0" coveredconditionals="0" methods="1" coveredmethods="1"/>
          <line num="2" count="2" type="stmt"/>
        </file>
      </package>
      <package name="reusable_HOC_app.src.utilityMethods">
        <metrics statements="24" coveredstatements="22" conditionals="12" coveredconditionals="10" methods="4" coveredmethods="4"/>
        <file name="sorting.js" path="/Users/gilgrz/tutorialSet/views/javascript_tuts/react_tuts/react_examples/HOC-try-out/reusable_HOC_app/src/utilityMethods/sorting.js">
          <metrics statements="24" coveredstatements="22" conditionals="12" coveredconditionals="10" methods="4" coveredmethods="4"/>
          <line num="1" count="4" type="stmt"/>
          <line num="2" count="5" type="stmt"/>
          <line num="6" count="29" type="cond" truecount="2" falsecount="0"/>
          <line num="7" count="9" type="stmt"/>
          <line num="8" count="9" type="stmt"/>
          <line num="10" count="20" type="stmt"/>
          <line num="11" count="20" type="stmt"/>
          <line num="14" count="29" type="cond" truecount="2" falsecount="0"/>
          <line num="15" count="23" type="stmt"/>
          <line num="17" count="6" type="cond" truecount="1" falsecount="1"/>
          <line num="18" count="6" type="stmt"/>
          <line num="22" count="0" type="stmt"/>
          <line num="25" count="4" type="stmt"/>
          <line num="26" count="6" type="stmt"/>
          <line num="30" count="21" type="cond" truecount="2" falsecount="0"/>
          <line num="31" count="11" type="stmt"/>
          <line num="32" count="11" type="stmt"/>
          <line num="34" count="10" type="stmt"/>
          <line num="35" count="10" type="stmt"/>
          <line num="38" count="21" type="cond" truecount="2" falsecount="0"/>
          <line num="39" count="9" type="stmt"/>
          <line num="41" count="12" type="cond" truecount="1" falsecount="1"/>
          <line num="42" count="12" type="stmt"/>
          <line num="46" count="0" type="stmt"/>
        </file>
      </package>
    </metrics>
  </project>
</coverage>
