{"/Users/gilgrz/tutorialSet/views/javascript_tuts/react_tuts/react_examples/HOC-try-out/reusable_HOC_app/enzyme.configuration.js": {"path":"/Users/gilgrz/tutorialSet/views/javascript_tuts/react_tuts/react_examples/HOC-try-out/reusable_HOC_app/enzyme.configuration.js","statementMap":{"0":{"start":{"line":4,"column":0},"end":{"line":4,"column":45}}},"fnMap":{},"branchMap":{},"s":{"0":12},"f":{},"b":{},"_coverageSchema":"332fd63041d2c1bcb487cc26dd0d5f7d97098a6c","hash":"54375eaa1268429ea612b6abb1e11cd5fbac88b1"}
,"/Users/gilgrz/tutorialSet/views/javascript_tuts/react_tuts/react_examples/HOC-try-out/reusable_HOC_app/src/functional/ClickAwayListener/index.js": {"path":"/Users/gilgrz/tutorialSet/views/javascript_tuts/react_tuts/react_examples/HOC-try-out/reusable_HOC_app/src/functional/ClickAwayListener/index.js","statementMap":{"0":{"start":{"line":4,"column":14},"end":{"line":10,"column":1}},"1":{"start":{"line":13,"column":23},"end":{"line":14,"column":1}},"2":{"start":{"line":15,"column":30},"end":{"line":34,"column":1}},"3":{"start":{"line":16,"column":28},"end":{"line":27,"column":3}},"4":{"start":{"line":17,"column":26},"end":{"line":17,"column":31}},"5":{"start":{"line":18,"column":4},"end":{"line":26,"column":6}},"6":{"start":{"line":23,"column":25},"end":{"line":23,"column":41}},"7":{"start":{"line":29,"column":2},"end":{"line":31,"column":4}},"8":{"start":{"line":33,"column":2},"end":{"line":33,"column":27}}},"fnMap":{"0":{"name":"(anonymous_0)","decl":{"start":{"line":13,"column":23},"end":{"line":13,"column":24}},"loc":{"start":{"line":13,"column":30},"end":{"line":14,"column":1}},"line":13},"1":{"name":"(anonymous_1)","decl":{"start":{"line":15,"column":30},"end":{"line":15,"column":31}},"loc":{"start":{"line":15,"column":42},"end":{"line":34,"column":1}},"line":15},"2":{"name":"(anonymous_2)","decl":{"start":{"line":16,"column":28},"end":{"line":16,"column":29}},"loc":{"start":{"line":16,"column":39},"end":{"line":27,"column":3}},"line":16},"3":{"name":"(anonymous_3)","decl":{"start":{"line":23,"column":17},"end":{"line":23,"column":18}},"loc":{"start":{"line":23,"column":23},"end":{"line":23,"column":43}},"line":23}},"branchMap":{},"s":{"0":3,"1":3,"2":3,"3":3,"4":3,"5":3,"6":1,"7":3,"8":3},"f":{"0":0,"1":3,"2":3,"3":1},"b":{},"_coverageSchema":"332fd63041d2c1bcb487cc26dd0d5f7d97098a6c","hash":"ac2629ccef08d9c9429972e8d5ff3f75a5a844a0"}
,"/Users/gilgrz/tutorialSet/views/javascript_tuts/react_tuts/react_examples/HOC-try-out/reusable_HOC_app/src/functional/DropDown/index.js": {"path":"/Users/gilgrz/tutorialSet/views/javascript_tuts/react_tuts/react_examples/HOC-try-out/reusable_HOC_app/src/functional/DropDown/index.js","statementMap":{"0":{"start":{"line":13,"column":27},"end":{"line":55,"column":1}},"1":{"start":{"line":18,"column":2},"end":{"line":54,"column":4}},"2":{"start":{"line":21,"column":8},"end":{"line":51,"column":25}},"3":{"start":{"line":30,"column":16},"end":{"line":30,"column":37}},"4":{"start":{"line":37,"column":18},"end":{"line":37,"column":39}},"5":{"start":{"line":57,"column":0},"end":{"line":60,"column":2}}},"fnMap":{"0":{"name":"(anonymous_0)","decl":{"start":{"line":13,"column":27},"end":{"line":13,"column":28}},"loc":{"start":{"line":13,"column":38},"end":{"line":55,"column":1}},"line":13},"1":{"name":"(anonymous_1)","decl":{"start":{"line":20,"column":14},"end":{"line":20,"column":15}},"loc":{"start":{"line":21,"column":8},"end":{"line":51,"column":25}},"line":21},"2":{"name":"(anonymous_2)","decl":{"start":{"line":29,"column":22},"end":{"line":29,"column":23}},"loc":{"start":{"line":29,"column":28},"end":{"line":31,"column":15}},"line":29},"3":{"name":"(anonymous_3)","decl":{"start":{"line":36,"column":25},"end":{"line":36,"column":26}},"loc":{"start":{"line":36,"column":31},"end":{"line":38,"column":17}},"line":36},"4":{"name":"(anonymous_4)","decl":{"start":{"line":40,"column":28},"end":{"line":40,"column":29}},"loc":{"start":{"line":40,"column":34},"end":{"line":40,"column":36}},"line":40}},"branchMap":{"0":{"loc":{"start":{"line":22,"column":11},"end":{"line":22,"column":73}},"type":"cond-expr","locations":[{"start":{"line":22,"column":20},"end":{"line":22,"column":66}},{"start":{"line":22,"column":69},"end":{"line":22,"column":73}}],"line":22},"1":{"loc":{"start":{"line":33,"column":13},"end":{"line":49,"column":20}},"type":"cond-expr","locations":[{"start":{"line":34,"column":14},"end":{"line":48,"column":20}},{"start":{"line":49,"column":16},"end":{"line":49,"column":20}}],"line":33}},"s":{"0":2,"1":1,"2":3,"3":1,"4":1,"5":2},"f":{"0":1,"1":3,"2":1,"3":1,"4":0},"b":{"0":[1,2],"1":[1,2]},"_coverageSchema":"332fd63041d2c1bcb487cc26dd0d5f7d97098a6c","hash":"dd1e218a645a12248bd3c65739faf971e626243e"}
,"/Users/gilgrz/tutorialSet/views/javascript_tuts/react_tuts/react_examples/HOC-try-out/reusable_HOC_app/src/functional/ListComponents/DisplayList.js": {"path":"/Users/gilgrz/tutorialSet/views/javascript_tuts/react_tuts/react_examples/HOC-try-out/reusable_HOC_app/src/functional/ListComponents/DisplayList.js","statementMap":{"0":{"start":{"line":9,"column":26},"end":{"line":18,"column":1}},"1":{"start":{"line":10,"column":2},"end":{"line":17,"column":8}},"2":{"start":{"line":12,"column":6},"end":{"line":15,"column":12}},"3":{"start":{"line":19,"column":0},"end":{"line":21,"column":2}}},"fnMap":{"0":{"name":"(anonymous_0)","decl":{"start":{"line":9,"column":26},"end":{"line":9,"column":27}},"loc":{"start":{"line":10,"column":2},"end":{"line":17,"column":8}},"line":10},"1":{"name":"(anonymous_1)","decl":{"start":{"line":11,"column":14},"end":{"line":11,"column":15}},"loc":{"start":{"line":12,"column":6},"end":{"line":15,"column":12}},"line":12}},"branchMap":{},"s":{"0":3,"1":1,"2":2,"3":3},"f":{"0":1,"1":2},"b":{},"_coverageSchema":"332fd63041d2c1bcb487cc26dd0d5f7d97098a6c","hash":"d0ec73c31927c506b085351834e3f4077d4dc040"}
,"/Users/gilgrz/tutorialSet/views/javascript_tuts/react_tuts/react_examples/HOC-try-out/reusable_HOC_app/src/functional/ListComponents/EnhancedList.js": {"path":"/Users/gilgrz/tutorialSet/views/javascript_tuts/react_tuts/react_examples/HOC-try-out/reusable_HOC_app/src/functional/ListComponents/EnhancedList.js","statementMap":{"0":{"start":{"line":19,"column":27},"end":{"line":29,"column":1}},"1":{"start":{"line":20,"column":33},"end":{"line":23,"column":3}},"2":{"start":{"line":21,"column":29},"end":{"line":21,"column":46}},"3":{"start":{"line":22,"column":4},"end":{"line":22,"column":46}},"4":{"start":{"line":24,"column":2},"end":{"line":26,"column":4}},"5":{"start":{"line":28,"column":2},"end":{"line":28,"column":32}},"6":{"start":{"line":31,"column":31},"end":{"line":31,"column":68}}},"fnMap":{"0":{"name":"(anonymous_0)","decl":{"start":{"line":19,"column":27},"end":{"line":19,"column":28}},"loc":{"start":{"line":19,"column":43},"end":{"line":29,"column":1}},"line":19},"1":{"name":"(anonymous_1)","decl":{"start":{"line":20,"column":33},"end":{"line":20,"column":34}},"loc":{"start":{"line":20,"column":44},"end":{"line":23,"column":3}},"line":20}},"branchMap":{},"s":{"0":2,"1":2,"2":1,"3":1,"4":2,"5":2,"6":2},"f":{"0":2,"1":1},"b":{},"_coverageSchema":"332fd63041d2c1bcb487cc26dd0d5f7d97098a6c","hash":"7a4730d439497eadd24634de884f9d03623d5e14"}
,"/Users/gilgrz/tutorialSet/views/javascript_tuts/react_tuts/react_examples/HOC-try-out/reusable_HOC_app/src/functional/ListComponents/manipulateListData.js": {"path":"/Users/gilgrz/tutorialSet/views/javascript_tuts/react_tuts/react_examples/HOC-try-out/reusable_HOC_app/src/functional/ListComponents/manipulateListData.js","statementMap":{"0":{"start":{"line":11,"column":26},"end":{"line":52,"column":1}},"1":{"start":{"line":22,"column":2},"end":{"line":51,"column":3}},"2":{"start":{"line":24,"column":4},"end":{"line":28,"column":5}},"3":{"start":{"line":27,"column":6},"end":{"line":27,"column":25}},"4":{"start":{"line":29,"column":4},"end":{"line":29,"column":23}},"5":{"start":{"line":30,"column":4},"end":{"line":32,"column":6}},"6":{"start":{"line":34,"column":4},"end":{"line":34,"column":65}},"7":{"start":{"line":34,"column":44},"end":{"line":34,"column":63}},"8":{"start":{"line":35,"column":4},"end":{"line":37,"column":6}},"9":{"start":{"line":39,"column":4},"end":{"line":43,"column":33}},"10":{"start":{"line":40,"column":6},"end":{"line":43,"column":31}},"11":{"start":{"line":44,"column":4},"end":{"line":46,"column":6}},"12":{"start":{"line":48,"column":4},"end":{"line":50,"column":6}}},"fnMap":{"0":{"name":"(anonymous_0)","decl":{"start":{"line":11,"column":26},"end":{"line":11,"column":27}},"loc":{"start":{"line":17,"column":6},"end":{"line":52,"column":1}},"line":17},"1":{"name":"(anonymous_1)","decl":{"start":{"line":34,"column":30},"end":{"line":34,"column":31}},"loc":{"start":{"line":34,"column":44},"end":{"line":34,"column":63}},"line":34},"2":{"name":"(anonymous_2)","decl":{"start":{"line":39,"column":30},"end":{"line":39,"column":31}},"loc":{"start":{"line":40,"column":6},"end":{"line":43,"column":31}},"line":40}},"branchMap":{"0":{"loc":{"start":{"line":22,"column":2},"end":{"line":51,"column":3}},"type":"switch","locations":[{"start":{"line":23,"column":2},"end":{"line":32,"column":6}},{"start":{"line":33,"column":2},"end":{"line":37,"column":6}},{"start":{"line":38,"column":2},"end":{"line":46,"column":6}},{"start":{"line":47,"column":2},"end":{"line":50,"column":6}}],"line":22},"1":{"loc":{"start":{"line":24,"column":4},"end":{"line":28,"column":5}},"type":"if","locations":[{"start":{"line":24,"column":4},"end":{"line":28,"column":5}},{"start":{"line":24,"column":4},"end":{"line":28,"column":5}}],"line":24}},"s":{"0":3,"1":10,"2":3,"3":3,"4":3,"5":3,"6":4,"7":18,"8":4,"9":1,"10":3,"11":1,"12":2},"f":{"0":10,"1":18,"2":3},"b":{"0":[3,4,1,2],"1":[3,0]},"_coverageSchema":"332fd63041d2c1bcb487cc26dd0d5f7d97098a6c","hash":"c4a0d3656700de9219eb0e4eab60e33c03d99083"}
,"/Users/gilgrz/tutorialSet/views/javascript_tuts/react_tuts/react_examples/HOC-try-out/reusable_HOC_app/src/functional/SearchBox/index.js": {"path":"/Users/gilgrz/tutorialSet/views/javascript_tuts/react_tuts/react_examples/HOC-try-out/reusable_HOC_app/src/functional/SearchBox/index.js","statementMap":{"0":{"start":{"line":4,"column":18},"end":{"line":11,"column":1}},"1":{"start":{"line":5,"column":2},"end":{"line":10,"column":4}},"2":{"start":{"line":9,"column":18},"end":{"line":9,"column":46}},"3":{"start":{"line":12,"column":0},"end":{"line":15,"column":2}},"4":{"start":{"line":16,"column":0},"end":{"line":18,"column":2}}},"fnMap":{"0":{"name":"(anonymous_0)","decl":{"start":{"line":4,"column":18},"end":{"line":4,"column":19}},"loc":{"start":{"line":5,"column":2},"end":{"line":10,"column":4}},"line":5},"1":{"name":"(anonymous_1)","decl":{"start":{"line":9,"column":13},"end":{"line":9,"column":14}},"loc":{"start":{"line":9,"column":18},"end":{"line":9,"column":46}},"line":9}},"branchMap":{},"s":{"0":2,"1":2,"2":1,"3":2,"4":2},"f":{"0":2,"1":1},"b":{},"_coverageSchema":"332fd63041d2c1bcb487cc26dd0d5f7d97098a6c","hash":"d8be768a6983eeee8cd9ff46f8696d86d1aee0b5"}
,"/Users/gilgrz/tutorialSet/views/javascript_tuts/react_tuts/react_examples/HOC-try-out/reusable_HOC_app/src/functional/Simplebutton/index.js": {"path":"/Users/gilgrz/tutorialSet/views/javascript_tuts/react_tuts/react_examples/HOC-try-out/reusable_HOC_app/src/functional/Simplebutton/index.js","statementMap":{"0":{"start":{"line":4,"column":14},"end":{"line":7,"column":1}},"1":{"start":{"line":8,"column":21},"end":{"line":17,"column":1}},"2":{"start":{"line":9,"column":2},"end":{"line":16,"column":11}},"3":{"start":{"line":11,"column":6},"end":{"line":11,"column":20}},"4":{"start":{"line":19,"column":0},"end":{"line":23,"column":2}},"5":{"start":{"line":24,"column":0},"end":{"line":26,"column":2}}},"fnMap":{"0":{"name":"(anonymous_0)","decl":{"start":{"line":8,"column":21},"end":{"line":8,"column":22}},"loc":{"start":{"line":9,"column":2},"end":{"line":16,"column":11}},"line":9},"1":{"name":"(anonymous_1)","decl":{"start":{"line":10,"column":13},"end":{"line":10,"column":14}},"loc":{"start":{"line":10,"column":19},"end":{"line":12,"column":5}},"line":10}},"branchMap":{},"s":{"0":4,"1":4,"2":8,"3":4,"4":4,"5":4},"f":{"0":8,"1":4},"b":{},"_coverageSchema":"332fd63041d2c1bcb487cc26dd0d5f7d97098a6c","hash":"edd9a9b669bf0f90fbe802f7c232b5e7117ebeee"}
,"/Users/gilgrz/tutorialSet/views/javascript_tuts/react_tuts/react_examples/HOC-try-out/reusable_HOC_app/src/functional/Togglebutton/index.js": {"path":"/Users/gilgrz/tutorialSet/views/javascript_tuts/react_tuts/react_examples/HOC-try-out/reusable_HOC_app/src/functional/Togglebutton/index.js","statementMap":{"0":{"start":{"line":11,"column":27},"end":{"line":31,"column":1}},"1":{"start":{"line":16,"column":2},"end":{"line":30,"column":4}},"2":{"start":{"line":19,"column":8},"end":{"line":27,"column":10}},"3":{"start":{"line":24,"column":12},"end":{"line":24,"column":33}},"4":{"start":{"line":25,"column":12},"end":{"line":25,"column":69}},"5":{"start":{"line":33,"column":0},"end":{"line":38,"column":2}}},"fnMap":{"0":{"name":"(anonymous_0)","decl":{"start":{"line":11,"column":27},"end":{"line":11,"column":28}},"loc":{"start":{"line":11,"column":38},"end":{"line":31,"column":1}},"line":11},"1":{"name":"(anonymous_1)","decl":{"start":{"line":18,"column":14},"end":{"line":18,"column":15}},"loc":{"start":{"line":19,"column":8},"end":{"line":27,"column":10}},"line":19},"2":{"name":"(anonymous_2)","decl":{"start":{"line":23,"column":18},"end":{"line":23,"column":19}},"loc":{"start":{"line":23,"column":24},"end":{"line":26,"column":11}},"line":23}},"branchMap":{"0":{"loc":{"start":{"line":21,"column":12},"end":{"line":21,"column":66}},"type":"cond-expr","locations":[{"start":{"line":21,"column":21},"end":{"line":21,"column":42}},{"start":{"line":21,"column":45},"end":{"line":21,"column":66}}],"line":21},"1":{"loc":{"start":{"line":25,"column":25},"end":{"line":25,"column":67}},"type":"cond-expr","locations":[{"start":{"line":25,"column":34},"end":{"line":25,"column":49}},{"start":{"line":25,"column":52},"end":{"line":25,"column":67}}],"line":25}},"s":{"0":2,"1":1,"2":3,"3":2,"4":2,"5":2},"f":{"0":1,"1":3,"2":2},"b":{"0":[1,2],"1":[1,1]},"_coverageSchema":"332fd63041d2c1bcb487cc26dd0d5f7d97098a6c","hash":"e19eda97c936784ae9cb097368a4d344b1688833"}
,"/Users/gilgrz/tutorialSet/views/javascript_tuts/react_tuts/react_examples/HOC-try-out/reusable_HOC_app/src/logic/ToggleState.js": {"path":"/Users/gilgrz/tutorialSet/views/javascript_tuts/react_tuts/react_examples/HOC-try-out/reusable_HOC_app/src/logic/ToggleState.js","statementMap":{"0":{"start":{"line":14,"column":4},"end":{"line":14,"column":39}},"1":{"start":{"line":18,"column":23},"end":{"line":18,"column":33}},"2":{"start":{"line":19,"column":4},"end":{"line":21,"column":6}},"3":{"start":{"line":25,"column":0},"end":{"line":27,"column":2}}},"fnMap":{"0":{"name":"(anonymous_0)","decl":{"start":{"line":13,"column":11},"end":{"line":13,"column":12}},"loc":{"start":{"line":13,"column":23},"end":{"line":15,"column":3}},"line":13},"1":{"name":"(anonymous_1)","decl":{"start":{"line":17,"column":2},"end":{"line":17,"column":3}},"loc":{"start":{"line":17,"column":11},"end":{"line":22,"column":3}},"line":17}},"branchMap":{},"s":{"0":6,"1":10,"2":10,"3":4},"f":{"0":6,"1":10},"b":{},"_coverageSchema":"332fd63041d2c1bcb487cc26dd0d5f7d97098a6c","hash":"82696e57b917cdb5c1617c2cc4afe7e34cab2673"}
,"/Users/gilgrz/tutorialSet/views/javascript_tuts/react_tuts/react_examples/HOC-try-out/reusable_HOC_app/src/logic/TopManagementListContainer.js": {"path":"/Users/gilgrz/tutorialSet/views/javascript_tuts/react_tuts/react_examples/HOC-try-out/reusable_HOC_app/src/logic/TopManagementListContainer.js","statementMap":{"0":{"start":{"line":17,"column":15},"end":{"line":24,"column":1}},"1":{"start":{"line":25,"column":24},"end":{"line":134,"column":1}},"2":{"start":{"line":25,"column":35},"end":{"line":134,"column":1}},"3":{"start":{"line":31,"column":6},"end":{"line":31,"column":19}},"4":{"start":{"line":32,"column":6},"end":{"line":37,"column":8}},"5":{"start":{"line":38,"column":6},"end":{"line":38,"column":51}},"6":{"start":{"line":39,"column":6},"end":{"line":39,"column":51}},"7":{"start":{"line":40,"column":6},"end":{"line":40,"column":43}},"8":{"start":{"line":43,"column":6},"end":{"line":47,"column":10}},"9":{"start":{"line":43,"column":30},"end":{"line":47,"column":7}},"10":{"start":{"line":50,"column":6},"end":{"line":54,"column":10}},"11":{"start":{"line":50,"column":30},"end":{"line":54,"column":7}},"12":{"start":{"line":57,"column":6},"end":{"line":61,"column":10}},"13":{"start":{"line":57,"column":30},"end":{"line":61,"column":7}},"14":{"start":{"line":64,"column":6},"end":{"line":126,"column":8}},"15":{"start":{"line":130,"column":2},"end":{"line":132,"column":4}},"16":{"start":{"line":133,"column":2},"end":{"line":133,"column":21}},"17":{"start":{"line":136,"column":27},"end":{"line":136,"column":64}}},"fnMap":{"0":{"name":"(anonymous_0)","decl":{"start":{"line":25,"column":24},"end":{"line":25,"column":25}},"loc":{"start":{"line":25,"column":35},"end":{"line":134,"column":1}},"line":25},"1":{"name":"(anonymous_1)","decl":{"start":{"line":25,"column":35},"end":{"line":25,"column":36}},"loc":{"start":{"line":25,"column":57},"end":{"line":134,"column":1}},"line":25},"2":{"name":"(anonymous_2)","decl":{"start":{"line":30,"column":4},"end":{"line":30,"column":5}},"loc":{"start":{"line":30,"column":23},"end":{"line":41,"column":5}},"line":30},"3":{"name":"(anonymous_3)","decl":{"start":{"line":42,"column":4},"end":{"line":42,"column":5}},"loc":{"start":{"line":42,"column":28},"end":{"line":48,"column":5}},"line":42},"4":{"name":"(anonymous_4)","decl":{"start":{"line":43,"column":20},"end":{"line":43,"column":21}},"loc":{"start":{"line":43,"column":30},"end":{"line":47,"column":7}},"line":43},"5":{"name":"(anonymous_5)","decl":{"start":{"line":49,"column":4},"end":{"line":49,"column":5}},"loc":{"start":{"line":49,"column":25},"end":{"line":55,"column":5}},"line":49},"6":{"name":"(anonymous_6)","decl":{"start":{"line":50,"column":20},"end":{"line":50,"column":21}},"loc":{"start":{"line":50,"column":30},"end":{"line":54,"column":7}},"line":50},"7":{"name":"(anonymous_7)","decl":{"start":{"line":56,"column":4},"end":{"line":56,"column":5}},"loc":{"start":{"line":56,"column":22},"end":{"line":62,"column":5}},"line":56},"8":{"name":"(anonymous_8)","decl":{"start":{"line":57,"column":20},"end":{"line":57,"column":21}},"loc":{"start":{"line":57,"column":30},"end":{"line":61,"column":7}},"line":57},"9":{"name":"(anonymous_9)","decl":{"start":{"line":63,"column":4},"end":{"line":63,"column":5}},"loc":{"start":{"line":63,"column":13},"end":{"line":127,"column":5}},"line":63}},"branchMap":{"0":{"loc":{"start":{"line":67,"column":32},"end":{"line":67,"column":85}},"type":"cond-expr","locations":[{"start":{"line":67,"column":59},"end":{"line":67,"column":65}},{"start":{"line":67,"column":68},"end":{"line":67,"column":85}}],"line":67}},"s":{"0":1,"1":1,"2":1,"3":1,"4":1,"5":1,"6":1,"7":1,"8":1,"9":1,"10":2,"11":2,"12":2,"13":2,"14":6,"15":1,"16":1,"17":1},"f":{"0":1,"1":1,"2":1,"3":1,"4":1,"5":2,"6":2,"7":2,"8":2,"9":6},"b":{"0":[4,2]},"_coverageSchema":"332fd63041d2c1bcb487cc26dd0d5f7d97098a6c","hash":"c5314181b8fbde36142ef8092bba457f16f5ba16"}
,"/Users/gilgrz/tutorialSet/views/javascript_tuts/react_tuts/react_examples/HOC-try-out/reusable_HOC_app/src/test_helpers/index.js": {"path":"/Users/gilgrz/tutorialSet/views/javascript_tuts/react_tuts/react_examples/HOC-try-out/reusable_HOC_app/src/test_helpers/index.js","statementMap":{"0":{"start":{"line":2,"column":39},"end":{"line":2,"column":110}},"1":{"start":{"line":2,"column":49},"end":{"line":2,"column":110}}},"fnMap":{"0":{"name":"(anonymous_0)","decl":{"start":{"line":2,"column":39},"end":{"line":2,"column":40}},"loc":{"start":{"line":2,"column":49},"end":{"line":2,"column":110}},"line":2}},"branchMap":{},"s":{"0":2,"1":1},"f":{"0":1},"b":{},"_coverageSchema":"332fd63041d2c1bcb487cc26dd0d5f7d97098a6c","hash":"cf032fb07dac576b6d6e6e01380ff29e1388f809"}
,"/Users/gilgrz/tutorialSet/views/javascript_tuts/react_tuts/react_examples/HOC-try-out/reusable_HOC_app/src/utilityMethods/sorting.js": {"path":"/Users/gilgrz/tutorialSet/views/javascript_tuts/react_tuts/react_examples/HOC-try-out/reusable_HOC_app/src/utilityMethods/sorting.js","statementMap":{"0":{"start":{"line":1,"column":16},"end":{"line":23,"column":4}},"1":{"start":{"line":2,"column":2},"end":{"line":23,"column":4}},"2":{"start":{"line":6,"column":4},"end":{"line":12,"column":5}},"3":{"start":{"line":7,"column":6},"end":{"line":7,"column":47}},"4":{"start":{"line":8,"column":6},"end":{"line":8,"column":47}},"5":{"start":{"line":10,"column":6},"end":{"line":10,"column":37}},"6":{"start":{"line":11,"column":6},"end":{"line":11,"column":37}},"7":{"start":{"line":14,"column":4},"end":{"line":16,"column":5}},"8":{"start":{"line":15,"column":6},"end":{"line":15,"column":15}},"9":{"start":{"line":17,"column":4},"end":{"line":19,"column":5}},"10":{"start":{"line":18,"column":6},"end":{"line":18,"column":16}},"11":{"start":{"line":22,"column":4},"end":{"line":22,"column":13}},"12":{"start":{"line":25,"column":17},"end":{"line":47,"column":4}},"13":{"start":{"line":26,"column":2},"end":{"line":47,"column":4}},"14":{"start":{"line":30,"column":4},"end":{"line":36,"column":5}},"15":{"start":{"line":31,"column":6},"end":{"line":31,"column":47}},"16":{"start":{"line":32,"column":6},"end":{"line":32,"column":47}},"17":{"start":{"line":34,"column":6},"end":{"line":34,"column":37}},"18":{"start":{"line":35,"column":6},"end":{"line":35,"column":37}},"19":{"start":{"line":38,"column":4},"end":{"line":40,"column":5}},"20":{"start":{"line":39,"column":6},"end":{"line":39,"column":16}},"21":{"start":{"line":41,"column":4},"end":{"line":43,"column":5}},"22":{"start":{"line":42,"column":6},"end":{"line":42,"column":15}},"23":{"start":{"line":46,"column":4},"end":{"line":46,"column":13}}},"fnMap":{"0":{"name":"(anonymous_0)","decl":{"start":{"line":1,"column":16},"end":{"line":1,"column":17}},"loc":{"start":{"line":2,"column":2},"end":{"line":23,"column":4}},"line":2},"1":{"name":"(anonymous_1)","decl":{"start":{"line":2,"column":13},"end":{"line":2,"column":14}},"loc":{"start":{"line":2,"column":23},"end":{"line":23,"column":3}},"line":2},"2":{"name":"(anonymous_2)","decl":{"start":{"line":25,"column":17},"end":{"line":25,"column":18}},"loc":{"start":{"line":26,"column":2},"end":{"line":47,"column":4}},"line":26},"3":{"name":"(anonymous_3)","decl":{"start":{"line":26,"column":13},"end":{"line":26,"column":14}},"loc":{"start":{"line":26,"column":23},"end":{"line":47,"column":3}},"line":26}},"branchMap":{"0":{"loc":{"start":{"line":6,"column":4},"end":{"line":12,"column":5}},"type":"if","locations":[{"start":{"line":6,"column":4},"end":{"line":12,"column":5}},{"start":{"line":6,"column":4},"end":{"line":12,"column":5}}],"line":6},"1":{"loc":{"start":{"line":14,"column":4},"end":{"line":16,"column":5}},"type":"if","locations":[{"start":{"line":14,"column":4},"end":{"line":16,"column":5}},{"start":{"line":14,"column":4},"end":{"line":16,"column":5}}],"line":14},"2":{"loc":{"start":{"line":17,"column":4},"end":{"line":19,"column":5}},"type":"if","locations":[{"start":{"line":17,"column":4},"end":{"line":19,"column":5}},{"start":{"line":17,"column":4},"end":{"line":19,"column":5}}],"line":17},"3":{"loc":{"start":{"line":30,"column":4},"end":{"line":36,"column":5}},"type":"if","locations":[{"start":{"line":30,"column":4},"end":{"line":36,"column":5}},{"start":{"line":30,"column":4},"end":{"line":36,"column":5}}],"line":30},"4":{"loc":{"start":{"line":38,"column":4},"end":{"line":40,"column":5}},"type":"if","locations":[{"start":{"line":38,"column":4},"end":{"line":40,"column":5}},{"start":{"line":38,"column":4},"end":{"line":40,"column":5}}],"line":38},"5":{"loc":{"start":{"line":41,"column":4},"end":{"line":43,"column":5}},"type":"if","locations":[{"start":{"line":41,"column":4},"end":{"line":43,"column":5}},{"start":{"line":41,"column":4},"end":{"line":43,"column":5}}],"line":41}},"s":{"0":4,"1":5,"2":29,"3":9,"4":9,"5":20,"6":20,"7":29,"8":23,"9":6,"10":6,"11":0,"12":4,"13":6,"14":21,"15":11,"16":11,"17":10,"18":10,"19":21,"20":9,"21":12,"22":12,"23":0},"f":{"0":5,"1":29,"2":6,"3":21},"b":{"0":[9,20],"1":[23,6],"2":[6,0],"3":[11,10],"4":[9,12],"5":[12,0]},"_coverageSchema":"332fd63041d2c1bcb487cc26dd0d5f7d97098a6c","hash":"dbb3175de58c7add75f5e80edad2765e52786084"}
}
