TN:
SF:/Users/gilgrz/tutorialSet/views/javascript_tuts/react_tuts/react_examples/HOC-try-out/reusable_HOC_app/enzyme.configuration.js
FNF:0
FNH:0
DA:4,12
LF:1
LH:1
BRF:0
BRH:0
end_of_record
TN:
SF:/Users/gilgrz/tutorialSet/views/javascript_tuts/react_tuts/react_examples/HOC-try-out/reusable_HOC_app/src/functional/ClickAwayListener/index.js
FN:13,(anonymous_0)
FN:15,(anonymous_1)
FN:16,(anonymous_2)
FN:23,(anonymous_3)
FNF:4
FNH:3
FNDA:0,(anonymous_0)
FNDA:3,(anonymous_1)
FNDA:3,(anonymous_2)
FNDA:1,(anonymous_3)
DA:4,3
DA:13,3
DA:15,3
DA:16,3
DA:17,3
DA:18,3
DA:23,1
DA:29,3
DA:33,3
LF:9
LH:9
BRF:0
BRH:0
end_of_record
TN:
SF:/Users/gilgrz/tutorialSet/views/javascript_tuts/react_tuts/react_examples/HOC-try-out/reusable_HOC_app/src/functional/DropDown/index.js
FN:13,(anonymous_0)
FN:20,(anonymous_1)
FN:29,(anonymous_2)
FN:36,(anonymous_3)
FN:40,(anonymous_4)
FNF:5
FNH:4
FNDA:1,(anonymous_0)
FNDA:3,(anonymous_1)
FNDA:1,(anonymous_2)
FNDA:1,(anonymous_3)
FNDA:0,(anonymous_4)
DA:13,2
DA:18,1
DA:21,3
DA:30,1
DA:37,1
DA:57,2
LF:6
LH:6
BRDA:22,0,0,1
BRDA:22,0,1,2
BRDA:33,1,0,1
BRDA:33,1,1,2
BRF:4
BRH:4
end_of_record
TN:
SF:/Users/gilgrz/tutorialSet/views/javascript_tuts/react_tuts/react_examples/HOC-try-out/reusable_HOC_app/src/functional/ListComponents/DisplayList.js
FN:9,(anonymous_0)
FN:11,(anonymous_1)
FNF:2
FNH:2
FNDA:1,(anonymous_0)
FNDA:2,(anonymous_1)
DA:9,3
DA:10,1
DA:12,2
DA:19,3
LF:4
LH:4
BRF:0
BRH:0
end_of_record
TN:
SF:/Users/gilgrz/tutorialSet/views/javascript_tuts/react_tuts/react_examples/HOC-try-out/reusable_HOC_app/src/functional/ListComponents/EnhancedList.js
FN:19,(anonymous_0)
FN:20,(anonymous_1)
FNF:2
FNH:2
FNDA:2,(anonymous_0)
FNDA:1,(anonymous_1)
DA:19,2
DA:20,2
DA:21,1
DA:22,1
DA:24,2
DA:28,2
DA:31,2
LF:7
LH:7
BRF:0
BRH:0
end_of_record
TN:
SF:/Users/gilgrz/tutorialSet/views/javascript_tuts/react_tuts/react_examples/HOC-try-out/reusable_HOC_app/src/functional/ListComponents/manipulateListData.js
FN:11,(anonymous_0)
FN:34,(anonymous_1)
FN:39,(anonymous_2)
FNF:3
FNH:3
FNDA:10,(anonymous_0)
FNDA:18,(anonymous_1)
FNDA:3,(anonymous_2)
DA:11,3
DA:22,10
DA:24,3
DA:27,3
DA:29,3
DA:30,3
DA:34,18
DA:35,4
DA:39,1
DA:40,3
DA:44,1
DA:48,2
LF:12
LH:12
BRDA:22,0,0,3
BRDA:22,0,1,4
BRDA:22,0,2,1
BRDA:22,0,3,2
BRDA:24,1,0,3
BRDA:24,1,1,0
BRF:6
BRH:5
end_of_record
TN:
SF:/Users/gilgrz/tutorialSet/views/javascript_tuts/react_tuts/react_examples/HOC-try-out/reusable_HOC_app/src/functional/SearchBox/index.js
FN:4,(anonymous_0)
FN:9,(anonymous_1)
FNF:2
FNH:2
FNDA:2,(anonymous_0)
FNDA:1,(anonymous_1)
DA:4,2
DA:5,2
DA:9,1
DA:12,2
DA:16,2
LF:5
LH:5
BRF:0
BRH:0
end_of_record
TN:
SF:/Users/gilgrz/tutorialSet/views/javascript_tuts/react_tuts/react_examples/HOC-try-out/reusable_HOC_app/src/functional/Simplebutton/index.js
FN:8,(anonymous_0)
FN:10,(anonymous_1)
FNF:2
FNH:2
FNDA:8,(anonymous_0)
FNDA:4,(anonymous_1)
DA:4,4
DA:8,4
DA:9,8
DA:11,4
DA:19,4
DA:24,4
LF:6
LH:6
BRF:0
BRH:0
end_of_record
TN:
SF:/Users/gilgrz/tutorialSet/views/javascript_tuts/react_tuts/react_examples/HOC-try-out/reusable_HOC_app/src/functional/Togglebutton/index.js
FN:11,(anonymous_0)
FN:18,(anonymous_1)
FN:23,(anonymous_2)
FNF:3
FNH:3
FNDA:1,(anonymous_0)
FNDA:3,(anonymous_1)
FNDA:2,(anonymous_2)
DA:11,2
DA:16,1
DA:19,3
DA:24,2
DA:25,2
DA:33,2
LF:6
LH:6
BRDA:21,0,0,1
BRDA:21,0,1,2
BRDA:25,1,0,1
BRDA:25,1,1,1
BRF:4
BRH:4
end_of_record
TN:
SF:/Users/gilgrz/tutorialSet/views/javascript_tuts/react_tuts/react_examples/HOC-try-out/reusable_HOC_app/src/logic/ToggleState.js
FN:13,(anonymous_0)
FN:17,(anonymous_1)
FNF:2
FNH:2
FNDA:6,(anonymous_0)
FNDA:10,(anonymous_1)
DA:14,6
DA:18,10
DA:19,10
DA:25,4
LF:4
LH:4
BRF:0
BRH:0
end_of_record
TN:
SF:/Users/gilgrz/tutorialSet/views/javascript_tuts/react_tuts/react_examples/HOC-try-out/reusable_HOC_app/src/logic/TopManagementListContainer.js
FN:25,(anonymous_0)
FN:25,(anonymous_1)
FN:30,(anonymous_2)
FN:42,(anonymous_3)
FN:43,(anonymous_4)
FN:49,(anonymous_5)
FN:50,(anonymous_6)
FN:56,(anonymous_7)
FN:57,(anonymous_8)
FN:63,(anonymous_9)
FNF:10
FNH:10
FNDA:1,(anonymous_0)
FNDA:1,(anonymous_1)
FNDA:1,(anonymous_2)
FNDA:1,(anonymous_3)
FNDA:1,(anonymous_4)
FNDA:2,(anonymous_5)
FNDA:2,(anonymous_6)
FNDA:2,(anonymous_7)
FNDA:2,(anonymous_8)
FNDA:6,(anonymous_9)
DA:17,1
DA:25,1
DA:31,1
DA:32,1
DA:38,1
DA:39,1
DA:40,1
DA:43,1
DA:50,2
DA:57,2
DA:64,6
DA:130,1
DA:133,1
DA:136,1
LF:14
LH:14
BRDA:67,0,0,4
BRDA:67,0,1,2
BRF:2
BRH:2
end_of_record
TN:
SF:/Users/gilgrz/tutorialSet/views/javascript_tuts/react_tuts/react_examples/HOC-try-out/reusable_HOC_app/src/test_helpers/index.js
FN:2,(anonymous_0)
FNF:1
FNH:1
FNDA:1,(anonymous_0)
DA:2,2
LF:1
LH:1
BRF:0
BRH:0
end_of_record
TN:
SF:/Users/gilgrz/tutorialSet/views/javascript_tuts/react_tuts/react_examples/HOC-try-out/reusable_HOC_app/src/utilityMethods/sorting.js
FN:1,(anonymous_0)
FN:2,(anonymous_1)
FN:25,(anonymous_2)
FN:26,(anonymous_3)
FNF:4
FNH:4
FNDA:5,(anonymous_0)
FNDA:29,(anonymous_1)
FNDA:6,(anonymous_2)
FNDA:21,(anonymous_3)
DA:1,4
DA:2,5
DA:6,29
DA:7,9
DA:8,9
DA:10,20
DA:11,20
DA:14,29
DA:15,23
DA:17,6
DA:18,6
DA:22,0
DA:25,4
DA:26,6
DA:30,21
DA:31,11
DA:32,11
DA:34,10
DA:35,10
DA:38,21
DA:39,9
DA:41,12
DA:42,12
DA:46,0
LF:24
LH:22
BRDA:6,0,0,9
BRDA:6,0,1,20
BRDA:14,1,0,23
BRDA:14,1,1,6
BRDA:17,2,0,6
BRDA:17,2,1,0
BRDA:30,3,0,11
BRDA:30,3,1,10
BRDA:38,4,0,9
BRDA:38,4,1,12
BRDA:41,5,0,12
BRDA:41,5,1,0
BRF:12
BRH:10
end_of_record
